生成启动时间为 2017/10/24 22:30:05。
     1>项目“E:\work\Multimodal\RPs\Fast-LIPS\Fast-LIPS\Fast-LIPS.vcxproj”在节点 2 上(Build 个目标)。
     1>ClCompile:
         C:\Program Files (x86)\Microsoft Visual Studio 11.0\VC\bin\CL.exe /c /ZI /nologo /W3 /WX- /Od /Oy- /D WIN32 /D _DEBUG /D _CONSOLE /D _UNICODE /D UNICODE /Gm /EHsc /RTC1 /MDd /GS /fp:precise /Zc:wchar_t /Zc:forScope /Fo"Debug\\" /Fd"Debug\vc110.pdb" /Gd /TP /analyze- /errorReport:prompt cec2013.cpp cfunction.cpp "Fast-LIPS.cpp"
         Fast-LIPS.cpp
     1>e:\work\multimodal\rps\fast-lips\fast-lips\fast-lips.cpp(84): warning C4244: “=”: 从“double”转换到“int”，可能丢失数据
     1>e:\work\multimodal\rps\fast-lips\fast-lips\fast-lips.cpp(58): warning C4101: “r1”: 未引用的局部变量
     1>e:\work\multimodal\rps\fast-lips\fast-lips\fast-lips.cpp(58): warning C4101: “cnt”: 未引用的局部变量
     1>e:\work\multimodal\rps\fast-lips\fast-lips\fast-lips.cpp(58): warning C4101: “r2”: 未引用的局部变量
     1>e:\work\multimodal\rps\fast-lips\fast-lips\fast-lips.cpp(59): warning C4101: “width”: 未引用的局部变量
     1>e:\work\multimodal\rps\fast-lips\fast-lips\fast-lips.cpp(94): warning C4101: “begin”: 未引用的局部变量
     1>e:\work\multimodal\rps\fast-lips\fast-lips\fast-lips.cpp(93): warning C4101: “r1”: 未引用的局部变量
     1>e:\work\multimodal\rps\fast-lips\fast-lips\fast-lips.cpp(93): warning C4101: “r2”: 未引用的局部变量
     1>e:\work\multimodal\rps\fast-lips\fast-lips\fast-lips.cpp(94): warning C4101: “end”: 未引用的局部变量
     1>e:\work\multimodal\rps\fast-lips\fast-lips\fast-lips.cpp(165): warning C4101: “multiple”: 未引用的局部变量
     1>e:\work\multimodal\rps\fast-lips\fast-lips\fast-lips.cpp(187): warning C4101: “indices”: 未引用的局部变量
     1>e:\work\multimodal\rps\fast-lips\fast-lips\fast-lips.cpp(257): warning C4244: “参数”: 从“time_t”转换到“unsigned int”，可能丢失数据
     1>e:\work\multimodal\rps\fast-lips\fast-lips\fast-lips.cpp(265): warning C4996: 'fopen': This function or variable may be unsafe. Consider using fopen_s instead. To disable deprecation, use _CRT_SECURE_NO_WARNINGS. See online help for details.
                 c:\program files (x86)\microsoft visual studio 11.0\vc\include\stdio.h(218) : 参见“fopen”的声明
     1>e:\work\multimodal\rps\fast-lips\fast-lips\fast-lips.cpp(266): warning C4996: 'fopen': This function or variable may be unsafe. Consider using fopen_s instead. To disable deprecation, use _CRT_SECURE_NO_WARNINGS. See online help for details.
                 c:\program files (x86)\microsoft visual studio 11.0\vc\include\stdio.h(218) : 参见“fopen”的声明
     1>e:\work\multimodal\rps\fast-lips\fast-lips\fast-lips.cpp(289): warning C4996: 'fopen': This function or variable may be unsafe. Consider using fopen_s instead. To disable deprecation, use _CRT_SECURE_NO_WARNINGS. See online help for details.
                 c:\program files (x86)\microsoft visual studio 11.0\vc\include\stdio.h(218) : 参见“fopen”的声明
     1>e:\work\multimodal\rps\fast-lips\fast-lips\fast-lips.cpp(291): warning C4996: 'fopen': This function or variable may be unsafe. Consider using fopen_s instead. To disable deprecation, use _CRT_SECURE_NO_WARNINGS. See online help for details.
                 c:\program files (x86)\microsoft visual studio 11.0\vc\include\stdio.h(218) : 参见“fopen”的声明
     1>e:\work\multimodal\rps\fast-lips\fast-lips\fast-lips.cpp(294): warning C4996: 'fopen': This function or variable may be unsafe. Consider using fopen_s instead. To disable deprecation, use _CRT_SECURE_NO_WARNINGS. See online help for details.
                 c:\program files (x86)\microsoft visual studio 11.0\vc\include\stdio.h(218) : 参见“fopen”的声明
     1>e:\work\multimodal\rps\fast-lips\fast-lips\fast-lips.cpp(295): warning C4996: 'fopen': This function or variable may be unsafe. Consider using fopen_s instead. To disable deprecation, use _CRT_SECURE_NO_WARNINGS. See online help for details.
                 c:\program files (x86)\microsoft visual studio 11.0\vc\include\stdio.h(218) : 参见“fopen”的声明
     1>e:\work\multimodal\rps\fast-lips\fast-lips\fast-lips.cpp(258): warning C4101: “fp”: 未引用的局部变量
         cfunction.cpp
     1>e:\work\multimodal\rps\fast-lips\fast-lips\cfunction.cpp : warning C4819: 该文件包含不能在当前代码页(936)中表示的字符。请将该文件保存为 Unicode 格式以防止数据丢失
         cec2013.cpp
         正在生成代码...
         C:\Program Files (x86)\Microsoft Visual Studio 11.0\VC\bin\CL.exe /c /ZI /nologo /W3 /WX- /Od /Oy- /D WIN32 /D _DEBUG /D _CONSOLE /D _UNICODE /D UNICODE /Gm /EHsc /RTC1 /MDd /GS /fp:precise /Zc:wchar_t /Zc:forScope /Fo"Debug\\" /Fd"Debug\vc110.pdb" /Gd /TC /analyze- /errorReport:prompt rand2.c
         rand2.c
     1>e:\work\multimodal\rps\fast-lips\fast-lips\rand2.c(71): warning C4996: 'fopen': This function or variable may be unsafe. Consider using fopen_s instead. To disable deprecation, use _CRT_SECURE_NO_WARNINGS. See online help for details.
                 c:\program files (x86)\microsoft visual studio 11.0\vc\include\stdio.h(218) : 参见“fopen”的声明
     1>e:\work\multimodal\rps\fast-lips\fast-lips\rand2.c(107): warning C4244: “=”: 从“long”转换到“unsigned short”，可能丢失数据
       Link:
         C:\Program Files (x86)\Microsoft Visual Studio 11.0\VC\bin\link.exe /ERRORREPORT:PROMPT /OUT:"E:\work\Multimodal\RPs\Fast-LIPS\Debug\Fast-LIPS.exe" /INCREMENTAL /NOLOGO kernel32.lib user32.lib gdi32.lib winspool.lib comdlg32.lib advapi32.lib shell32.lib ole32.lib oleaut32.lib uuid.lib odbc32.lib odbccp32.lib /MANIFEST /MANIFESTUAC:"level='asInvoker' uiAccess='false'" /manifest:embed /DEBUG /PDB:"E:\work\Multimodal\RPs\Fast-LIPS\Debug\Fast-LIPS.pdb" /SUBSYSTEM:CONSOLE /TLBID:1 /DYNAMICBASE /NXCOMPAT /IMPLIB:"E:\work\Multimodal\RPs\Fast-LIPS\Debug\Fast-LIPS.lib" /MACHINE:X86 Debug\cec2013.obj
         Debug\cfunction.obj
         "Debug\Fast-LIPS.obj"
         Debug\rand2.obj
         Fast-LIPS.vcxproj -> E:\work\Multimodal\RPs\Fast-LIPS\Debug\Fast-LIPS.exe
     1>已完成生成项目“E:\work\Multimodal\RPs\Fast-LIPS\Fast-LIPS\Fast-LIPS.vcxproj”(Build 个目标)的操作。

生成成功。

已用时间 00:00:03.29
