生成启动时间为 2017/10/25 9:14:16。
     1>项目“E:\work\Multimodal\RPs\Fast-LIPS\Fast-LIPS\Fast-LIPS.vcxproj”在节点 2 上(Build 个目标)。
     1>ClCompile:
         C:\Program Files (x86)\Microsoft Visual Studio 11.0\VC\bin\CL.exe /c /Zi /nologo /W3 /WX- /O2 /Oi /Oy- /GL /D WIN32 /D NDEBUG /D _CONSOLE /D _UNICODE /D UNICODE /Gm- /EHsc /MD /GS /Gy /fp:precise /Zc:wchar_t /Zc:forScope /Fo"Release\\" /Fd"Release\vc110.pdb" /Gd /TP /analyze- /errorReport:prompt "Fast-LIPS.cpp"
         Fast-LIPS.cpp
     1>Fast-LIPS.cpp(94): warning C4244: “=”: 从“double”转换到“int”，可能丢失数据
     1>Fast-LIPS.cpp(58): warning C4101: “r1”: 未引用的局部变量
     1>Fast-LIPS.cpp(58): warning C4101: “cnt”: 未引用的局部变量
     1>Fast-LIPS.cpp(58): warning C4101: “r2”: 未引用的局部变量
     1>Fast-LIPS.cpp(59): warning C4101: “width”: 未引用的局部变量
     1>Fast-LIPS.cpp(104): warning C4101: “begin”: 未引用的局部变量
     1>Fast-LIPS.cpp(103): warning C4101: “r1”: 未引用的局部变量
     1>Fast-LIPS.cpp(103): warning C4101: “r2”: 未引用的局部变量
     1>Fast-LIPS.cpp(104): warning C4101: “end”: 未引用的局部变量
     1>Fast-LIPS.cpp(177): warning C4101: “multiple”: 未引用的局部变量
     1>Fast-LIPS.cpp(201): warning C4101: “indices”: 未引用的局部变量
     1>Fast-LIPS.cpp(271): warning C4244: “参数”: 从“time_t”转换到“unsigned int”，可能丢失数据
     1>Fast-LIPS.cpp(279): warning C4996: 'fopen': This function or variable may be unsafe. Consider using fopen_s instead. To disable deprecation, use _CRT_SECURE_NO_WARNINGS. See online help for details.
                 C:\Program Files (x86)\Microsoft Visual Studio 11.0\VC\include\stdio.h(218) : 参见“fopen”的声明
     1>Fast-LIPS.cpp(280): warning C4996: 'fopen': This function or variable may be unsafe. Consider using fopen_s instead. To disable deprecation, use _CRT_SECURE_NO_WARNINGS. See online help for details.
                 C:\Program Files (x86)\Microsoft Visual Studio 11.0\VC\include\stdio.h(218) : 参见“fopen”的声明
     1>Fast-LIPS.cpp(303): warning C4996: 'fopen': This function or variable may be unsafe. Consider using fopen_s instead. To disable deprecation, use _CRT_SECURE_NO_WARNINGS. See online help for details.
                 C:\Program Files (x86)\Microsoft Visual Studio 11.0\VC\include\stdio.h(218) : 参见“fopen”的声明
     1>Fast-LIPS.cpp(305): warning C4996: 'fopen': This function or variable may be unsafe. Consider using fopen_s instead. To disable deprecation, use _CRT_SECURE_NO_WARNINGS. See online help for details.
                 C:\Program Files (x86)\Microsoft Visual Studio 11.0\VC\include\stdio.h(218) : 参见“fopen”的声明
     1>Fast-LIPS.cpp(308): warning C4996: 'fopen': This function or variable may be unsafe. Consider using fopen_s instead. To disable deprecation, use _CRT_SECURE_NO_WARNINGS. See online help for details.
                 C:\Program Files (x86)\Microsoft Visual Studio 11.0\VC\include\stdio.h(218) : 参见“fopen”的声明
     1>Fast-LIPS.cpp(309): warning C4996: 'fopen': This function or variable may be unsafe. Consider using fopen_s instead. To disable deprecation, use _CRT_SECURE_NO_WARNINGS. See online help for details.
                 C:\Program Files (x86)\Microsoft Visual Studio 11.0\VC\include\stdio.h(218) : 参见“fopen”的声明
     1>Fast-LIPS.cpp(272): warning C4101: “fp”: 未引用的局部变量
       Link:
         C:\Program Files (x86)\Microsoft Visual Studio 11.0\VC\bin\link.exe /ERRORREPORT:PROMPT /OUT:"E:\work\Multimodal\RPs\Fast-LIPS\Release\Fast-LIPS.exe" /INCREMENTAL:NO /NOLOGO kernel32.lib user32.lib gdi32.lib winspool.lib comdlg32.lib advapi32.lib shell32.lib ole32.lib oleaut32.lib uuid.lib odbc32.lib odbccp32.lib /MANIFEST /MANIFESTUAC:"level='asInvoker' uiAccess='false'" /manifest:embed /DEBUG /PDB:"E:\work\Multimodal\RPs\Fast-LIPS\Release\Fast-LIPS.pdb" /SUBSYSTEM:CONSOLE /OPT:REF /OPT:ICF /LTCG /TLBID:1 /DYNAMICBASE /NXCOMPAT /IMPLIB:"E:\work\Multimodal\RPs\Fast-LIPS\Release\Fast-LIPS.lib" /MACHINE:X86 /SAFESEH Release\cec2013.obj
         Release\cfunction.obj
         "Release\Fast-LIPS.obj"
         Release\rand2.obj
         正在生成代码
         已完成代码的生成
         Fast-LIPS.vcxproj -> E:\work\Multimodal\RPs\Fast-LIPS\Release\Fast-LIPS.exe
     1>已完成生成项目“E:\work\Multimodal\RPs\Fast-LIPS\Fast-LIPS\Fast-LIPS.vcxproj”(Build 个目标)的操作。

生成成功。

已用时间 00:00:02.41
