生成启动时间为 2017/10/25 8:52:32。
     1>项目“E:\work\Multimodal\RPs\Fast-NCDE\Fast-NCDE\Fast-NCDE.vcxproj”在节点 2 上(Build 个目标)。
     1>ClCompile:
         C:\Program Files (x86)\Microsoft Visual Studio 11.0\VC\bin\CL.exe /c /Zi /nologo /W3 /WX- /O2 /Oi /Oy- /GL /D WIN32 /D NDEBUG /D _CONSOLE /D _UNICODE /D UNICODE /Gm- /EHsc /MD /GS /Gy /fp:precise /Zc:wchar_t /Zc:forScope /Fo"Release\\" /Fd"Release\vc110.pdb" /Gd /TP /analyze- /errorReport:prompt cec2013.cpp cfunction.cpp "Fast-NCDE.cpp"
         cec2013.cpp
         cfunction.cpp
     1>cfunction.cpp : warning C4819: 该文件包含不能在当前代码页(936)中表示的字符。请将该文件保存为 Unicode 格式以防止数据丢失
         Fast-NCDE.cpp
     1>Fast-NCDE.cpp(115): warning C4244: “=”: 从“double”转换到“int”，可能丢失数据
     1>Fast-NCDE.cpp(175): warning C4244: “=”: 从“double”转换到“int”，可能丢失数据
     1>Fast-NCDE.cpp(134): warning C4101: “min”: 未引用的局部变量
     1>Fast-NCDE.cpp(134): warning C4101: “max”: 未引用的局部变量
     1>Fast-NCDE.cpp(221): warning C4996: 'fopen': This function or variable may be unsafe. Consider using fopen_s instead. To disable deprecation, use _CRT_SECURE_NO_WARNINGS. See online help for details.
                 C:\Program Files (x86)\Microsoft Visual Studio 11.0\VC\include\stdio.h(218) : 参见“fopen”的声明
     1>Fast-NCDE.cpp(222): warning C4996: 'fopen': This function or variable may be unsafe. Consider using fopen_s instead. To disable deprecation, use _CRT_SECURE_NO_WARNINGS. See online help for details.
                 C:\Program Files (x86)\Microsoft Visual Studio 11.0\VC\include\stdio.h(218) : 参见“fopen”的声明
     1>Fast-NCDE.cpp(238): warning C4996: 'fopen': This function or variable may be unsafe. Consider using fopen_s instead. To disable deprecation, use _CRT_SECURE_NO_WARNINGS. See online help for details.
                 C:\Program Files (x86)\Microsoft Visual Studio 11.0\VC\include\stdio.h(218) : 参见“fopen”的声明
     1>Fast-NCDE.cpp(240): warning C4996: 'fopen': This function or variable may be unsafe. Consider using fopen_s instead. To disable deprecation, use _CRT_SECURE_NO_WARNINGS. See online help for details.
                 C:\Program Files (x86)\Microsoft Visual Studio 11.0\VC\include\stdio.h(218) : 参见“fopen”的声明
     1>Fast-NCDE.cpp(243): warning C4996: 'fopen': This function or variable may be unsafe. Consider using fopen_s instead. To disable deprecation, use _CRT_SECURE_NO_WARNINGS. See online help for details.
                 C:\Program Files (x86)\Microsoft Visual Studio 11.0\VC\include\stdio.h(218) : 参见“fopen”的声明
     1>Fast-NCDE.cpp(244): warning C4996: 'fopen': This function or variable may be unsafe. Consider using fopen_s instead. To disable deprecation, use _CRT_SECURE_NO_WARNINGS. See online help for details.
                 C:\Program Files (x86)\Microsoft Visual Studio 11.0\VC\include\stdio.h(218) : 参见“fopen”的声明
         C:\Program Files (x86)\Microsoft Visual Studio 11.0\VC\bin\CL.exe /c /Zi /nologo /W3 /WX- /O2 /Oi /Oy- /GL /D WIN32 /D NDEBUG /D _CONSOLE /D _UNICODE /D UNICODE /Gm- /EHsc /MD /GS /Gy /fp:precise /Zc:wchar_t /Zc:forScope /Fo"Release\\" /Fd"Release\vc110.pdb" /Gd /TC /analyze- /errorReport:prompt rand2.c
         rand2.c
     1>rand2.c(71): warning C4996: 'fopen': This function or variable may be unsafe. Consider using fopen_s instead. To disable deprecation, use _CRT_SECURE_NO_WARNINGS. See online help for details.
                 C:\Program Files (x86)\Microsoft Visual Studio 11.0\VC\include\stdio.h(218) : 参见“fopen”的声明
     1>rand2.c(107): warning C4244: “=”: 从“long”转换到“unsigned short”，可能丢失数据
       Link:
         C:\Program Files (x86)\Microsoft Visual Studio 11.0\VC\bin\link.exe /ERRORREPORT:PROMPT /OUT:"E:\work\Multimodal\RPs\Fast-NCDE\Release\Fast-NCDE.exe" /INCREMENTAL:NO /NOLOGO kernel32.lib user32.lib gdi32.lib winspool.lib comdlg32.lib advapi32.lib shell32.lib ole32.lib oleaut32.lib uuid.lib odbc32.lib odbccp32.lib /MANIFEST /MANIFESTUAC:"level='asInvoker' uiAccess='false'" /manifest:embed /DEBUG /PDB:"E:\work\Multimodal\RPs\Fast-NCDE\Release\Fast-NCDE.pdb" /SUBSYSTEM:CONSOLE /OPT:REF /OPT:ICF /LTCG /TLBID:1 /DYNAMICBASE /NXCOMPAT /IMPLIB:"E:\work\Multimodal\RPs\Fast-NCDE\Release\Fast-NCDE.lib" /MACHINE:X86 /SAFESEH Release\cec2013.obj
         Release\cfunction.obj
         "Release\Fast-NCDE.obj"
         Release\rand2.obj
         正在生成代码
         已完成代码的生成
         Fast-NCDE.vcxproj -> E:\work\Multimodal\RPs\Fast-NCDE\Release\Fast-NCDE.exe
     1>已完成生成项目“E:\work\Multimodal\RPs\Fast-NCDE\Fast-NCDE\Fast-NCDE.vcxproj”(Build 个目标)的操作。

生成成功。

已用时间 00:00:03.24
